
optiboot_atmega328.elf:     file format elf32-avr

Sections:
Idx Name          Size      VMA       LMA       File off  Algn
  0 .data         00000000  00800100  00007fc2  00000256  2**0
                  CONTENTS, ALLOC, LOAD, DATA
  1 .text         000001c2  00007e00  00007e00  00000094  2**1
                  CONTENTS, ALLOC, LOAD, READONLY, CODE
  2 .version      00000002  00007ffe  00007ffe  00000256  2**0
                  CONTENTS, ALLOC, LOAD, READONLY, DATA
  3 .comment      00000011  00000000  00000000  00000258  2**0
                  CONTENTS, READONLY
  4 .debug_aranges 00000028  00000000  00000000  00000269  2**0
                  CONTENTS, READONLY, DEBUGGING
  5 .debug_info   00000621  00000000  00000000  00000291  2**0
                  CONTENTS, READONLY, DEBUGGING
  6 .debug_abbrev 000002bd  00000000  00000000  000008b2  2**0
                  CONTENTS, READONLY, DEBUGGING
  7 .debug_line   000007d6  00000000  00000000  00000b6f  2**0
                  CONTENTS, READONLY, DEBUGGING
  8 .debug_frame  0000008c  00000000  00000000  00001348  2**2
                  CONTENTS, READONLY, DEBUGGING
  9 .debug_str    000001dc  00000000  00000000  000013d4  2**0
                  CONTENTS, READONLY, DEBUGGING
 10 .debug_loc    0000035a  00000000  00000000  000015b0  2**0
                  CONTENTS, READONLY, DEBUGGING
 11 .debug_ranges 00000090  00000000  00000000  0000190a  2**0
                  CONTENTS, READONLY, DEBUGGING

Disassembly of section .text:

00007e00 <main>:
  //  SP points to RAMEND
  //  r1 contains zero
  //
  // If not, uncomment the following instructions:
  // cli();
  asm volatile ("clr __zero_reg__");
    7e00:	11 24       	eor	r1, r1
   * 
   * Code by MarkG55
   * see discusion in https://github.com/Optiboot/optiboot/issues/97
   */
#if !defined(__AVR_ATmega16__)
  ch = MCUSR;
    7e02:	84 b7       	in	r24, 0x34	; 52
#else
  ch = MCUCSR;
#endif
  // Skip all logic and run bootloader if MCUSR is cleared (application request)
  if (ch != 0) {
    7e04:	88 23       	and	r24, r24
    7e06:	49 f0       	breq	.+18     	; 0x7e1a <main+0x1a>
       *  2. we clear WDRF if it's set with EXTRF to avoid loops
       * One problematic scenario: broken application code sets watchdog timer 
       * without clearing MCUSR before and triggers it quickly. But it's
       * recoverable by power-on with pushed reset button.
       */
      if ((ch & (_BV(WDRF) | _BV(EXTRF))) != _BV(EXTRF)) { 
    7e08:	98 2f       	mov	r25, r24
    7e0a:	9a 70       	andi	r25, 0x0A	; 10
    7e0c:	92 30       	cpi	r25, 0x02	; 2
    7e0e:	29 f0       	breq	.+10     	; 0x7e1a <main+0x1a>
	  if (ch & _BV(EXTRF)) {
    7e10:	81 ff       	sbrs	r24, 1
    7e12:	02 c0       	rjmp	.+4      	; 0x7e18 <main+0x18>
	       * prevent entering bootloader.
	       * '&' operation is skipped to spare few bytes as bits in MCUSR
	       * can only be cleared.
	       */
#if !defined(__AVR_ATmega16__)
	      MCUSR = ~(_BV(WDRF));  
    7e14:	97 ef       	ldi	r25, 0xF7	; 247
    7e16:	94 bf       	out	0x34, r25	; 52
#else
	      MCUCSR = ~(_BV(WDRF));  
#endif
	  }
	  appStart(ch);
    7e18:	ce d0       	rcall	.+412    	; 0x7fb6 <appStart>
      }
  }

#if LED_START_FLASHES > 0
  // Set up Timer 1 for timeout counter
  TCCR1B = _BV(CS12) | _BV(CS10); // div 1024
    7e1a:	85 e0       	ldi	r24, 0x05	; 5
    7e1c:	80 93 81 00 	sts	0x0081, r24	; 0x800081 <__TEXT_REGION_LENGTH__+0x7e0081>
  UCSRA = _BV(U2X); //Double speed mode USART
  UCSRB = _BV(RXEN) | _BV(TXEN);  // enable Rx & Tx
  UCSRC = _BV(URSEL) | _BV(UCSZ1) | _BV(UCSZ0);  // config USART; 8N1
  UBRRL = (uint8_t)( (F_CPU + BAUD_RATE * 4L) / (BAUD_RATE * 8L) - 1 );
#else
  UART_SRA = _BV(U2X0); //Double speed mode USART0
    7e20:	82 e0       	ldi	r24, 0x02	; 2
    7e22:	80 93 c0 00 	sts	0x00C0, r24	; 0x8000c0 <__TEXT_REGION_LENGTH__+0x7e00c0>
  UART_SRB = _BV(RXEN0) | _BV(TXEN0);
    7e26:	88 e1       	ldi	r24, 0x18	; 24
    7e28:	80 93 c1 00 	sts	0x00C1, r24	; 0x8000c1 <__TEXT_REGION_LENGTH__+0x7e00c1>
  UART_SRC = _BV(UCSZ00) | _BV(UCSZ01);
    7e2c:	86 e0       	ldi	r24, 0x06	; 6
    7e2e:	80 93 c2 00 	sts	0x00C2, r24	; 0x8000c2 <__TEXT_REGION_LENGTH__+0x7e00c2>
  UART_SRL = (uint8_t)( (F_CPU + BAUD_RATE * 4L) / (BAUD_RATE * 8L) - 1 );
    7e32:	82 e2       	ldi	r24, 0x22	; 34
    7e34:	80 93 c4 00 	sts	0x00C4, r24	; 0x8000c4 <__TEXT_REGION_LENGTH__+0x7e00c4>
#endif
#endif

  // Set up watchdog to trigger after 1s
  watchdogConfig(WATCHDOG_1S);
    7e38:	8e e0       	ldi	r24, 0x0E	; 14
    7e3a:	a8 d0       	rcall	.+336    	; 0x7f8c <watchdogConfig>

#if (LED_START_FLASHES > 0) || defined(LED_DATA_FLASH) || defined(LED_START_ON)
  /* Set LED pin as output */
  LED_DDR |= _BV(LED);
    7e3c:	25 9a       	sbi	0x04, 5	; 4
    7e3e:	86 e0       	ldi	r24, 0x06	; 6
}

#if LED_START_FLASHES > 0
void flash_led(uint8_t count) {
  do {
    TCNT1 = -(F_CPU/(1024*16));
    7e40:	20 e3       	ldi	r18, 0x30	; 48
    7e42:	3c ef       	ldi	r19, 0xFC	; 252
    TIFR1 = _BV(TOV1);
    7e44:	91 e0       	ldi	r25, 0x01	; 1
    TCNT1 = -(F_CPU/(1024*16));
    7e46:	30 93 85 00 	sts	0x0085, r19	; 0x800085 <__TEXT_REGION_LENGTH__+0x7e0085>
    7e4a:	20 93 84 00 	sts	0x0084, r18	; 0x800084 <__TEXT_REGION_LENGTH__+0x7e0084>
    TIFR1 = _BV(TOV1);
    7e4e:	96 bb       	out	0x16, r25	; 22
    while(!(TIFR1 & _BV(TOV1)));
    7e50:	b0 9b       	sbis	0x16, 0	; 22
    7e52:	fe cf       	rjmp	.-4      	; 0x7e50 <main+0x50>
#if defined(__AVR_ATmega8__) || defined (__AVR_ATmega32__) || defined (__AVR_ATmega16__)
    LED_PORT ^= _BV(LED);
#else
    LED_PIN |= _BV(LED);
    7e54:	1d 9a       	sbi	0x03, 5	; 3
}
#endif

// Watchdog functions. These are only safe with interrupts turned off.
void watchdogReset() {
  __asm__ __volatile__ (
    7e56:	a8 95       	wdr
    if (UART_SRA & _BV(RXC0))
    7e58:	40 91 c0 00 	lds	r20, 0x00C0	; 0x8000c0 <__TEXT_REGION_LENGTH__+0x7e00c0>
    7e5c:	47 fd       	sbrc	r20, 7
    7e5e:	02 c0       	rjmp	.+4      	; 0x7e64 <main+0x64>
    7e60:	81 50       	subi	r24, 0x01	; 1
  } while (--count);
    7e62:	89 f7       	brne	.-30     	; 0x7e46 <main+0x46>
	     * Start the page erase and wait for it to finish.  There
	     * used to be code to do this while receiving the data over
	     * the serial link, but the performance improvement was slight,
	     * and we needed the space back.
	     */
	    __boot_page_erase_short(address.word);
    7e64:	93 e0       	ldi	r25, 0x03	; 3
    7e66:	f9 2e       	mov	r15, r25

	    /*
	     * Copy data from the buffer into the flash write buffer.
	     */
	    do {
		__boot_page_fill_short((uint16_t)(void*)addrPtr, *(mybuff.wptr++));
    7e68:	ee 24       	eor	r14, r14
    7e6a:	e3 94       	inc	r14
	    } while (len -= 2);

	    /*
	     * Actually Write the buffer to flash (and wait for it to finish.)
	     */
	    __boot_page_write_short(address.word);
    7e6c:	25 e0       	ldi	r18, 0x05	; 5
    7e6e:	d2 2e       	mov	r13, r18
	    boot_spm_busy_wait();
#if defined(RWWSRE)
	    // Reenable read access to flash
	    __boot_rww_enable_short();
    7e70:	31 e1       	ldi	r19, 0x11	; 17
    ch = getch();
    7e72:	c3 2e       	mov	r12, r19
    if(ch == STK_GET_PARAMETER) {
    7e74:	7f d0       	rcall	.+254    	; 0x7f74 <getch>
      unsigned char which = getch();
    7e76:	81 34       	cpi	r24, 0x41	; 65
    7e78:	79 f4       	brne	.+30     	; 0x7e98 <main+0x98>
    7e7a:	7c d0       	rcall	.+248    	; 0x7f74 <getch>
      verifySpace();
    7e7c:	18 2f       	mov	r17, r24
    7e7e:	8c d0       	rcall	.+280    	; 0x7f98 <verifySpace>
      if (which == STK_SW_MINOR) {
    7e80:	12 38       	cpi	r17, 0x82	; 130
    7e82:	11 f4       	brne	.+4      	; 0x7e88 <main+0x88>
      putch(0x00);
    7e84:	80 e0       	ldi	r24, 0x00	; 0
	  putch(optiboot_version >> 8);
    7e86:	04 c0       	rjmp	.+8      	; 0x7e90 <main+0x90>
      } else if (which == STK_SW_MAJOR) {
    7e88:	87 e0       	ldi	r24, 0x07	; 7
	putch(0x03);
    7e8a:	11 38       	cpi	r17, 0x81	; 129
    7e8c:	09 f0       	breq	.+2      	; 0x7e90 <main+0x90>
    7e8e:	83 e0       	ldi	r24, 0x03	; 3
    putch(STK_OK);
    7e90:	6a d0       	rcall	.+212    	; 0x7f66 <putch>
    7e92:	80 e1       	ldi	r24, 0x10	; 16
    ch = getch();
    7e94:	68 d0       	rcall	.+208    	; 0x7f66 <putch>
    else if(ch == STK_SET_DEVICE) {
    7e96:	ee cf       	rjmp	.-36     	; 0x7e74 <main+0x74>
    7e98:	82 34       	cpi	r24, 0x42	; 66
      getNch(20);
    7e9a:	19 f4       	brne	.+6      	; 0x7ea2 <main+0xa2>
      getNch(5);
    7e9c:	84 e1       	ldi	r24, 0x14	; 20
    7e9e:	84 d0       	rcall	.+264    	; 0x7fa8 <getNch>
    else if(ch == STK_SET_DEVICE_EXT) {
    7ea0:	f8 cf       	rjmp	.-16     	; 0x7e92 <main+0x92>
      getNch(5);
    7ea2:	85 34       	cpi	r24, 0x45	; 69
    7ea4:	11 f4       	brne	.+4      	; 0x7eaa <main+0xaa>
    else if(ch == STK_LOAD_ADDRESS) {
    7ea6:	85 e0       	ldi	r24, 0x05	; 5
      address.bytes[0] = getch();
    7ea8:	fa cf       	rjmp	.-12     	; 0x7e9e <main+0x9e>
    7eaa:	85 35       	cpi	r24, 0x55	; 85
    7eac:	41 f4       	brne	.+16     	; 0x7ebe <main+0xbe>
      address.bytes[1] = getch();
    7eae:	62 d0       	rcall	.+196    	; 0x7f74 <getch>
    7eb0:	c8 2f       	mov	r28, r24
      address.word *= 2; // Convert from word address to byte address
    7eb2:	60 d0       	rcall	.+192    	; 0x7f74 <getch>
    7eb4:	d8 2f       	mov	r29, r24
      verifySpace();
    7eb6:	cc 0f       	add	r28, r28
    else if(ch == STK_UNIVERSAL) {
    7eb8:	dd 1f       	adc	r29, r29
      getNch(4);
    7eba:	6e d0       	rcall	.+220    	; 0x7f98 <verifySpace>
    7ebc:	ea cf       	rjmp	.-44     	; 0x7e92 <main+0x92>
    7ebe:	86 35       	cpi	r24, 0x56	; 86
    else if(ch == STK_PROG_PAGE) {
    7ec0:	19 f4       	brne	.+6      	; 0x7ec8 <main+0xc8>
    7ec2:	84 e0       	ldi	r24, 0x04	; 4
    7ec4:	71 d0       	rcall	.+226    	; 0x7fa8 <getNch>
      GETLENGTH(length);
    7ec6:	de cf       	rjmp	.-68     	; 0x7e84 <main+0x84>
    7ec8:	84 36       	cpi	r24, 0x64	; 100
    7eca:	09 f0       	breq	.+2      	; 0x7ece <main+0xce>
    7ecc:	2d c0       	rjmp	.+90     	; 0x7f28 <main+0x128>
      desttype = getch();
    7ece:	52 d0       	rcall	.+164    	; 0x7f74 <getch>
    7ed0:	51 d0       	rcall	.+162    	; 0x7f74 <getch>
    7ed2:	b8 2e       	mov	r11, r24
      bufPtr = buff.bptr;
    7ed4:	4f d0       	rcall	.+158    	; 0x7f74 <getch>
    7ed6:	a8 2e       	mov	r10, r24
      do *bufPtr++ = getch();
    7ed8:	00 e0       	ldi	r16, 0x00	; 0
    7eda:	11 e0       	ldi	r17, 0x01	; 1
    7edc:	4b d0       	rcall	.+150    	; 0x7f74 <getch>
    7ede:	f8 01       	movw	r30, r16
    7ee0:	81 93       	st	Z+, r24
      while (--length);
    7ee2:	8f 01       	movw	r16, r30
    7ee4:	be 12       	cpse	r11, r30
      verifySpace();
    7ee6:	fa cf       	rjmp	.-12     	; 0x7edc <main+0xdc>
    7ee8:	57 d0       	rcall	.+174    	; 0x7f98 <verifySpace>
    switch (memtype) {
    7eea:	f5 e4       	ldi	r31, 0x45	; 69
    7eec:	af 12       	cpse	r10, r31
    7eee:	01 c0       	rjmp	.+2      	; 0x7ef2 <main+0xf2>
	    ; // Error: wait for WDT
    7ef0:	ff cf       	rjmp	.-2      	; 0x7ef0 <main+0xf0>
	    __boot_page_erase_short(address.word);
    7ef2:	fe 01       	movw	r30, r28
    7ef4:	f7 be       	out	0x37, r15	; 55
    7ef6:	e8 95       	spm
	    boot_spm_busy_wait();
    7ef8:	07 b6       	in	r0, 0x37	; 55
    7efa:	00 fc       	sbrc	r0, 0
    7efc:	fd cf       	rjmp	.-6      	; 0x7ef8 <main+0xf8>
	    uint16_t addrPtr = address.word;
    7efe:	fe 01       	movw	r30, r28
	    boot_spm_busy_wait();
    7f00:	a0 e0       	ldi	r26, 0x00	; 0
    7f02:	b1 e0       	ldi	r27, 0x01	; 1
		__boot_page_fill_short((uint16_t)(void*)addrPtr, *(mybuff.wptr++));
    7f04:	8d 91       	ld	r24, X+
    7f06:	9d 91       	ld	r25, X+
    7f08:	0c 01       	movw	r0, r24
    7f0a:	e7 be       	out	0x37, r14	; 55
	    } while (len -= 2);
    7f0c:	e8 95       	spm
	    __boot_page_write_short(address.word);
    7f0e:	11 24       	eor	r1, r1
    7f10:	32 96       	adiw	r30, 0x02	; 2
    7f12:	ba 12       	cpse	r11, r26
	    boot_spm_busy_wait();
    7f14:	f7 cf       	rjmp	.-18     	; 0x7f04 <main+0x104>
    7f16:	fe 01       	movw	r30, r28
	    __boot_rww_enable_short();
    7f18:	d7 be       	out	0x37, r13	; 55
    7f1a:	e8 95       	spm
#endif
	} // default block
	break;
    7f1c:	07 b6       	in	r0, 0x37	; 55
    else if(ch == STK_READ_PAGE) {
    7f1e:	00 fc       	sbrc	r0, 0
      GETLENGTH(length);
    7f20:	fd cf       	rjmp	.-6      	; 0x7f1c <main+0x11c>
    7f22:	c7 be       	out	0x37, r12	; 55
    7f24:	e8 95       	spm
      desttype = getch();
    7f26:	b5 cf       	rjmp	.-150    	; 0x7e92 <main+0x92>
    7f28:	84 37       	cpi	r24, 0x74	; 116
      verifySpace();
    7f2a:	71 f4       	brne	.+28     	; 0x7f48 <main+0x148>
    7f2c:	23 d0       	rcall	.+70     	; 0x7f74 <getch>
      read_mem(desttype, address, length);
    7f2e:	22 d0       	rcall	.+68     	; 0x7f74 <getch>
	    //      while (--length);
	    // read a Flash and increment the address (may increment RAMPZ)
	    __asm__ ("elpm %0,Z+\n" : "=r" (ch), "=z" (address.bptr): "1" (address));
#else
	    // read a Flash byte and increment the address
	    __asm__ ("lpm %0,Z+\n" : "=r" (ch), "=z" (address.bptr): "1" (address));
    7f30:	b8 2e       	mov	r11, r24
    7f32:	20 d0       	rcall	.+64     	; 0x7f74 <getch>
#endif
	    putch(ch);
    7f34:	31 d0       	rcall	.+98     	; 0x7f98 <verifySpace>
    7f36:	8e 01       	movw	r16, r28
	} while (--length);
    7f38:	f8 01       	movw	r30, r16
    7f3a:	85 91       	lpm	r24, Z+
    7f3c:	8f 01       	movw	r16, r30
    7f3e:	13 d0       	rcall	.+38     	; 0x7f66 <putch>
    else if(ch == STK_READ_SIGN) {
    7f40:	ba 94       	dec	r11
    7f42:	b1 10       	cpse	r11, r1
      verifySpace();
    7f44:	f9 cf       	rjmp	.-14     	; 0x7f38 <main+0x138>
    7f46:	a5 cf       	rjmp	.-182    	; 0x7e92 <main+0x92>
      putch(SIGNATURE_0);
    7f48:	85 37       	cpi	r24, 0x75	; 117
    7f4a:	39 f4       	brne	.+14     	; 0x7f5a <main+0x15a>
    7f4c:	25 d0       	rcall	.+74     	; 0x7f98 <verifySpace>
      putch(SIGNATURE_1);
    7f4e:	8e e1       	ldi	r24, 0x1E	; 30
    7f50:	0a d0       	rcall	.+20     	; 0x7f66 <putch>
    7f52:	85 e9       	ldi	r24, 0x95	; 149
      putch(SIGNATURE_2);
    7f54:	08 d0       	rcall	.+16     	; 0x7f66 <putch>
    7f56:	8f e0       	ldi	r24, 0x0F	; 15
    else if (ch == STK_LEAVE_PROGMODE) { /* 'Q' */
    7f58:	9b cf       	rjmp	.-202    	; 0x7e90 <main+0x90>
    7f5a:	81 35       	cpi	r24, 0x51	; 81
    7f5c:	09 f0       	breq	.+2      	; 0x7f60 <main+0x160>
      watchdogConfig(WATCHDOG_16MS);
    7f5e:	ad cf       	rjmp	.-166    	; 0x7eba <main+0xba>
    7f60:	88 e0       	ldi	r24, 0x08	; 8
    7f62:	14 d0       	rcall	.+40     	; 0x7f8c <watchdogConfig>
      verifySpace();
    7f64:	aa cf       	rjmp	.-172    	; 0x7eba <main+0xba>

00007f66 <putch>:
  while (!(UART_SRA & _BV(UDRE0)));
    7f66:	90 91 c0 00 	lds	r25, 0x00C0	; 0x8000c0 <__TEXT_REGION_LENGTH__+0x7e00c0>
    7f6a:	95 ff       	sbrs	r25, 5
    7f6c:	fc cf       	rjmp	.-8      	; 0x7f66 <putch>
  UART_UDR = ch;
    7f6e:	80 93 c6 00 	sts	0x00C6, r24	; 0x8000c6 <__TEXT_REGION_LENGTH__+0x7e00c6>
}
    7f72:	08 95       	ret

00007f74 <getch>:
  while(!(UART_SRA & _BV(RXC0)))
    7f74:	80 91 c0 00 	lds	r24, 0x00C0	; 0x8000c0 <__TEXT_REGION_LENGTH__+0x7e00c0>
    7f78:	87 ff       	sbrs	r24, 7
    7f7a:	fc cf       	rjmp	.-8      	; 0x7f74 <getch>
  if (!(UART_SRA & _BV(FE0))) {
    7f7c:	80 91 c0 00 	lds	r24, 0x00C0	; 0x8000c0 <__TEXT_REGION_LENGTH__+0x7e00c0>
    7f80:	84 fd       	sbrc	r24, 4
    7f82:	01 c0       	rjmp	.+2      	; 0x7f86 <getch+0x12>
  __asm__ __volatile__ (
    7f84:	a8 95       	wdr
  ch = UART_UDR;
    7f86:	80 91 c6 00 	lds	r24, 0x00C6	; 0x8000c6 <__TEXT_REGION_LENGTH__+0x7e00c6>
}
    7f8a:	08 95       	ret

00007f8c <watchdogConfig>:
  WDTCSR = _BV(WDCE) | _BV(WDE);
    7f8c:	e0 e6       	ldi	r30, 0x60	; 96
    7f8e:	f0 e0       	ldi	r31, 0x00	; 0
    7f90:	98 e1       	ldi	r25, 0x18	; 24
    7f92:	90 83       	st	Z, r25
  WDTCSR = x;
    7f94:	80 83       	st	Z, r24
}
    7f96:	08 95       	ret

00007f98 <verifySpace>:
  if (getch() != CRC_EOP) {
    7f98:	ed df       	rcall	.-38     	; 0x7f74 <getch>
    7f9a:	80 32       	cpi	r24, 0x20	; 32
    7f9c:	19 f0       	breq	.+6      	; 0x7fa4 <verifySpace+0xc>
    watchdogConfig(WATCHDOG_16MS);    // shorten WD timeout
    7f9e:	88 e0       	ldi	r24, 0x08	; 8
    7fa0:	f5 df       	rcall	.-22     	; 0x7f8c <watchdogConfig>
  putch(STK_INSYNC);
    7fa2:	ff cf       	rjmp	.-2      	; 0x7fa2 <verifySpace+0xa>
    7fa4:	84 e1       	ldi	r24, 0x14	; 20
void getNch(uint8_t count) {
    7fa6:	df cf       	rjmp	.-66     	; 0x7f66 <putch>

00007fa8 <getNch>:
    7fa8:	cf 93       	push	r28
  do getch(); while (--count);
    7faa:	c8 2f       	mov	r28, r24
    7fac:	e3 df       	rcall	.-58     	; 0x7f74 <getch>
    7fae:	c1 50       	subi	r28, 0x01	; 1
  verifySpace();
    7fb0:	e9 f7       	brne	.-6      	; 0x7fac <getNch+0x4>
    7fb2:	cf 91       	pop	r28
  __asm__ __volatile__ ("mov r2, %0\n" :: "r" (rstFlags));
    7fb4:	f1 cf       	rjmp	.-30     	; 0x7f98 <verifySpace>

00007fb6 <appStart>:
  watchdogConfig(WATCHDOG_OFF);
    7fb6:	28 2e       	mov	r2, r24
    7fb8:	80 e0       	ldi	r24, 0x00	; 0
    7fba:	e8 df       	rcall	.-48     	; 0x7f8c <watchdogConfig>
  __asm__ __volatile__ (
    7fbc:	e0 e0       	ldi	r30, 0x00	; 0
    7fbe:	ff 27       	eor	r31, r31
    7fc0:	09 94       	ijmp
