
optiboot_atmega88.elf:     file format elf32-avr

Sections:
Idx Name          Size      VMA       LMA       File off  Algn
  0 .data         00000000  00800100  00800100  00000244  2**0
                  CONTENTS, ALLOC, LOAD, DATA
  1 .text         000001ce  00001e00  00001e00  00000074  2**1
                  CONTENTS, ALLOC, LOAD, READONLY, CODE
  2 .version      00000002  00001ffe  00001ffe  00000242  2**0
                  CONTENTS, ALLOC, LOAD, READONLY, DATA
  3 .stab         00000c54  00000000  00000000  00000244  2**2
                  CONTENTS, READONLY, DEBUGGING
  4 .stabstr      00000e3f  00000000  00000000  00000e98  2**0
                  CONTENTS, READONLY, DEBUGGING
  5 .comment      00000011  00000000  00000000  00001cd7  2**0
                  CONTENTS, READONLY

Disassembly of section .text:

00001e00 <main>:
    1e00:	1f 92       	push	r1
    1e02:	cd b7       	in	r28, 0x3d	; 61
    1e04:	de b7       	in	r29, 0x3e	; 62
    1e06:	11 24       	eor	r1, r1
    1e08:	84 b7       	in	r24, 0x34	; 52
    1e0a:	14 be       	out	0x34, r1	; 52
    1e0c:	98 2f       	mov	r25, r24
    1e0e:	9d 70       	andi	r25, 0x0D	; 13
    1e10:	09 f0       	breq	.+2      	; 0x1e14 <main+0x14>
    1e12:	d7 d0       	rcall	.+430    	; 0x1fc2 <appStart>
    1e14:	85 e0       	ldi	r24, 0x05	; 5
    1e16:	80 93 81 00 	sts	0x0081, r24
    1e1a:	82 e0       	ldi	r24, 0x02	; 2
    1e1c:	80 93 c0 00 	sts	0x00C0, r24
    1e20:	88 e1       	ldi	r24, 0x18	; 24
    1e22:	80 93 c1 00 	sts	0x00C1, r24
    1e26:	86 e0       	ldi	r24, 0x06	; 6
    1e28:	80 93 c2 00 	sts	0x00C2, r24
    1e2c:	80 e1       	ldi	r24, 0x10	; 16
    1e2e:	80 93 c4 00 	sts	0x00C4, r24
    1e32:	8e e0       	ldi	r24, 0x0E	; 14
    1e34:	b1 d0       	rcall	.+354    	; 0x1f98 <watchdogConfig>
    1e36:	25 9a       	sbi	0x04, 5	; 4
    1e38:	86 e0       	ldi	r24, 0x06	; 6
    1e3a:	20 e3       	ldi	r18, 0x30	; 48
    1e3c:	3c ef       	ldi	r19, 0xFC	; 252
    1e3e:	91 e0       	ldi	r25, 0x01	; 1
    1e40:	30 93 85 00 	sts	0x0085, r19
    1e44:	20 93 84 00 	sts	0x0084, r18
    1e48:	96 bb       	out	0x16, r25	; 22
    1e4a:	b0 9b       	sbis	0x16, 0	; 22
    1e4c:	fe cf       	rjmp	.-4      	; 0x1e4a <main+0x4a>
    1e4e:	1d 9a       	sbi	0x03, 5	; 3
    1e50:	a8 95       	wdr
    1e52:	81 50       	subi	r24, 0x01	; 1
    1e54:	a9 f7       	brne	.-22     	; 0x1e40 <main+0x40>
    1e56:	81 2c       	mov	r8, r1
    1e58:	91 2c       	mov	r9, r1
    1e5a:	13 e0       	ldi	r17, 0x03	; 3
    1e5c:	01 e0       	ldi	r16, 0x01	; 1
    1e5e:	25 e0       	ldi	r18, 0x05	; 5
    1e60:	f2 2e       	mov	r15, r18
    1e62:	31 e1       	ldi	r19, 0x11	; 17
    1e64:	e3 2e       	mov	r14, r19
    1e66:	8c d0       	rcall	.+280    	; 0x1f80 <getch>
    1e68:	81 34       	cpi	r24, 0x41	; 65
    1e6a:	79 f4       	brne	.+30     	; 0x1e8a <main+0x8a>
    1e6c:	89 d0       	rcall	.+274    	; 0x1f80 <getch>
    1e6e:	89 83       	std	Y+1, r24	; 0x01
    1e70:	99 d0       	rcall	.+306    	; 0x1fa4 <verifySpace>
    1e72:	89 81       	ldd	r24, Y+1	; 0x01
    1e74:	82 38       	cpi	r24, 0x82	; 130
    1e76:	11 f4       	brne	.+4      	; 0x1e7c <main+0x7c>
    1e78:	82 e0       	ldi	r24, 0x02	; 2
    1e7a:	05 c0       	rjmp	.+10     	; 0x1e86 <main+0x86>
    1e7c:	81 38       	cpi	r24, 0x81	; 129
    1e7e:	11 f4       	brne	.+4      	; 0x1e84 <main+0x84>
    1e80:	86 e0       	ldi	r24, 0x06	; 6
    1e82:	01 c0       	rjmp	.+2      	; 0x1e86 <main+0x86>
    1e84:	83 e0       	ldi	r24, 0x03	; 3
    1e86:	75 d0       	rcall	.+234    	; 0x1f72 <putch>
    1e88:	71 c0       	rjmp	.+226    	; 0x1f6c <main+0x16c>
    1e8a:	82 34       	cpi	r24, 0x42	; 66
    1e8c:	11 f4       	brne	.+4      	; 0x1e92 <main+0x92>
    1e8e:	84 e1       	ldi	r24, 0x14	; 20
    1e90:	03 c0       	rjmp	.+6      	; 0x1e98 <main+0x98>
    1e92:	85 34       	cpi	r24, 0x45	; 69
    1e94:	19 f4       	brne	.+6      	; 0x1e9c <main+0x9c>
    1e96:	85 e0       	ldi	r24, 0x05	; 5
    1e98:	8d d0       	rcall	.+282    	; 0x1fb4 <getNch>
    1e9a:	68 c0       	rjmp	.+208    	; 0x1f6c <main+0x16c>
    1e9c:	85 35       	cpi	r24, 0x55	; 85
    1e9e:	49 f4       	brne	.+18     	; 0x1eb2 <main+0xb2>
    1ea0:	6f d0       	rcall	.+222    	; 0x1f80 <getch>
    1ea2:	d8 2e       	mov	r13, r24
    1ea4:	6d d0       	rcall	.+218    	; 0x1f80 <getch>
    1ea6:	8d 2c       	mov	r8, r13
    1ea8:	91 2c       	mov	r9, r1
    1eaa:	98 2a       	or	r9, r24
    1eac:	88 0c       	add	r8, r8
    1eae:	99 1c       	adc	r9, r9
    1eb0:	5c c0       	rjmp	.+184    	; 0x1f6a <main+0x16a>
    1eb2:	86 35       	cpi	r24, 0x56	; 86
    1eb4:	21 f4       	brne	.+8      	; 0x1ebe <main+0xbe>
    1eb6:	84 e0       	ldi	r24, 0x04	; 4
    1eb8:	7d d0       	rcall	.+250    	; 0x1fb4 <getNch>
    1eba:	80 e0       	ldi	r24, 0x00	; 0
    1ebc:	e4 cf       	rjmp	.-56     	; 0x1e86 <main+0x86>
    1ebe:	84 36       	cpi	r24, 0x64	; 100
    1ec0:	09 f0       	breq	.+2      	; 0x1ec4 <main+0xc4>
    1ec2:	36 c0       	rjmp	.+108    	; 0x1f30 <main+0x130>
    1ec4:	5d d0       	rcall	.+186    	; 0x1f80 <getch>
    1ec6:	5c d0       	rcall	.+184    	; 0x1f80 <getch>
    1ec8:	d8 2e       	mov	r13, r24
    1eca:	5a d0       	rcall	.+180    	; 0x1f80 <getch>
    1ecc:	c8 2e       	mov	r12, r24
    1ece:	a1 2c       	mov	r10, r1
    1ed0:	bb 24       	eor	r11, r11
    1ed2:	b3 94       	inc	r11
    1ed4:	55 d0       	rcall	.+170    	; 0x1f80 <getch>
    1ed6:	f5 01       	movw	r30, r10
    1ed8:	81 93       	st	Z+, r24
    1eda:	5f 01       	movw	r10, r30
    1edc:	de 12       	cpse	r13, r30
    1ede:	fa cf       	rjmp	.-12     	; 0x1ed4 <main+0xd4>
    1ee0:	61 d0       	rcall	.+194    	; 0x1fa4 <verifySpace>
    1ee2:	f5 e4       	ldi	r31, 0x45	; 69
    1ee4:	cf 12       	cpse	r12, r31
    1ee6:	01 c0       	rjmp	.+2      	; 0x1eea <main+0xea>
    1ee8:	ff cf       	rjmp	.-2      	; 0x1ee8 <main+0xe8>
    1eea:	f4 01       	movw	r30, r8
    1eec:	17 bf       	out	0x37, r17	; 55
    1eee:	e8 95       	spm
    1ef0:	07 b6       	in	r0, 0x37	; 55
    1ef2:	00 fc       	sbrc	r0, 0
    1ef4:	fd cf       	rjmp	.-6      	; 0x1ef0 <main+0xf0>
    1ef6:	a4 01       	movw	r20, r8
    1ef8:	a0 e0       	ldi	r26, 0x00	; 0
    1efa:	b1 e0       	ldi	r27, 0x01	; 1
    1efc:	2c 91       	ld	r18, X
    1efe:	12 96       	adiw	r26, 0x02	; 2
    1f00:	cd 01       	movw	r24, r26
    1f02:	01 97       	sbiw	r24, 0x01	; 1
    1f04:	fc 01       	movw	r30, r24
    1f06:	80 81       	ld	r24, Z
    1f08:	30 e0       	ldi	r19, 0x00	; 0
    1f0a:	38 2b       	or	r19, r24
    1f0c:	fa 01       	movw	r30, r20
    1f0e:	09 01       	movw	r0, r18
    1f10:	07 bf       	out	0x37, r16	; 55
    1f12:	e8 95       	spm
    1f14:	11 24       	eor	r1, r1
    1f16:	4e 5f       	subi	r20, 0xFE	; 254
    1f18:	5f 4f       	sbci	r21, 0xFF	; 255
    1f1a:	da 12       	cpse	r13, r26
    1f1c:	ef cf       	rjmp	.-34     	; 0x1efc <main+0xfc>
    1f1e:	f4 01       	movw	r30, r8
    1f20:	f7 be       	out	0x37, r15	; 55
    1f22:	e8 95       	spm
    1f24:	07 b6       	in	r0, 0x37	; 55
    1f26:	00 fc       	sbrc	r0, 0
    1f28:	fd cf       	rjmp	.-6      	; 0x1f24 <main+0x124>
    1f2a:	e7 be       	out	0x37, r14	; 55
    1f2c:	e8 95       	spm
    1f2e:	1e c0       	rjmp	.+60     	; 0x1f6c <main+0x16c>
    1f30:	84 37       	cpi	r24, 0x74	; 116
    1f32:	71 f4       	brne	.+28     	; 0x1f50 <main+0x150>
    1f34:	25 d0       	rcall	.+74     	; 0x1f80 <getch>
    1f36:	24 d0       	rcall	.+72     	; 0x1f80 <getch>
    1f38:	d8 2e       	mov	r13, r24
    1f3a:	22 d0       	rcall	.+68     	; 0x1f80 <getch>
    1f3c:	33 d0       	rcall	.+102    	; 0x1fa4 <verifySpace>
    1f3e:	54 01       	movw	r10, r8
    1f40:	f5 01       	movw	r30, r10
    1f42:	85 91       	lpm	r24, Z+
    1f44:	5f 01       	movw	r10, r30
    1f46:	15 d0       	rcall	.+42     	; 0x1f72 <putch>
    1f48:	da 94       	dec	r13
    1f4a:	d1 10       	cpse	r13, r1
    1f4c:	f9 cf       	rjmp	.-14     	; 0x1f40 <main+0x140>
    1f4e:	0e c0       	rjmp	.+28     	; 0x1f6c <main+0x16c>
    1f50:	85 37       	cpi	r24, 0x75	; 117
    1f52:	39 f4       	brne	.+14     	; 0x1f62 <main+0x162>
    1f54:	27 d0       	rcall	.+78     	; 0x1fa4 <verifySpace>
    1f56:	8e e1       	ldi	r24, 0x1E	; 30
    1f58:	0c d0       	rcall	.+24     	; 0x1f72 <putch>
    1f5a:	83 e9       	ldi	r24, 0x93	; 147
    1f5c:	0a d0       	rcall	.+20     	; 0x1f72 <putch>
    1f5e:	8a e0       	ldi	r24, 0x0A	; 10
    1f60:	92 cf       	rjmp	.-220    	; 0x1e86 <main+0x86>
    1f62:	81 35       	cpi	r24, 0x51	; 81
    1f64:	11 f4       	brne	.+4      	; 0x1f6a <main+0x16a>
    1f66:	88 e0       	ldi	r24, 0x08	; 8
    1f68:	17 d0       	rcall	.+46     	; 0x1f98 <watchdogConfig>
    1f6a:	1c d0       	rcall	.+56     	; 0x1fa4 <verifySpace>
    1f6c:	80 e1       	ldi	r24, 0x10	; 16
    1f6e:	01 d0       	rcall	.+2      	; 0x1f72 <putch>
    1f70:	7a cf       	rjmp	.-268    	; 0x1e66 <main+0x66>

00001f72 <putch>:
  }
}

void putch(char ch) {
#ifndef SOFT_UART
  while (!(UART_SRA & _BV(UDRE0)));
    1f72:	90 91 c0 00 	lds	r25, 0x00C0
    1f76:	95 ff       	sbrs	r25, 5
    1f78:	fc cf       	rjmp	.-8      	; 0x1f72 <putch>
  UART_UDR = ch;
    1f7a:	80 93 c6 00 	sts	0x00C6, r24
    1f7e:	08 95       	ret

00001f80 <getch>:
      [uartBit] "I" (UART_RX_BIT)
    :
      "r25"
);
#else
  while(!(UART_SRA & _BV(RXC0)))
    1f80:	80 91 c0 00 	lds	r24, 0x00C0
    1f84:	87 ff       	sbrs	r24, 7
    1f86:	fc cf       	rjmp	.-8      	; 0x1f80 <getch>
    ;
  if (!(UART_SRA & _BV(FE0))) {
    1f88:	80 91 c0 00 	lds	r24, 0x00C0
    1f8c:	84 fd       	sbrc	r24, 4
    1f8e:	01 c0       	rjmp	.+2      	; 0x1f92 <getch+0x12>
}
#endif

// Watchdog functions. These are only safe with interrupts turned off.
void watchdogReset() {
  __asm__ __volatile__ (
    1f90:	a8 95       	wdr
       * don't care that an invalid char is returned...)
       */
    watchdogReset();
  }

  ch = UART_UDR;
    1f92:	80 91 c6 00 	lds	r24, 0x00C6
  LED_PIN |= _BV(LED);
#endif
#endif

  return ch;
}
    1f96:	08 95       	ret

00001f98 <watchdogConfig>:
    "wdr\n"
  );
}

void watchdogConfig(uint8_t x) {
  WDTCSR = _BV(WDCE) | _BV(WDE);
    1f98:	e0 e6       	ldi	r30, 0x60	; 96
    1f9a:	f0 e0       	ldi	r31, 0x00	; 0
    1f9c:	98 e1       	ldi	r25, 0x18	; 24
    1f9e:	90 83       	st	Z, r25
  WDTCSR = x;
    1fa0:	80 83       	st	Z, r24
    1fa2:	08 95       	ret

00001fa4 <verifySpace>:
  do getch(); while (--count);
  verifySpace();
}

void verifySpace() {
  if (getch() != CRC_EOP) {
    1fa4:	ed df       	rcall	.-38     	; 0x1f80 <getch>
    1fa6:	80 32       	cpi	r24, 0x20	; 32
    1fa8:	19 f0       	breq	.+6      	; 0x1fb0 <verifySpace+0xc>
    watchdogConfig(WATCHDOG_16MS);    // shorten WD timeout
    1faa:	88 e0       	ldi	r24, 0x08	; 8
    1fac:	f5 df       	rcall	.-22     	; 0x1f98 <watchdogConfig>
    while (1)			      // and busy-loop so that WD causes
      ;				      //  a reset and app start.
    1fae:	ff cf       	rjmp	.-2      	; 0x1fae <verifySpace+0xa>
  }
  putch(STK_INSYNC);
    1fb0:	84 e1       	ldi	r24, 0x14	; 20
    1fb2:	df cf       	rjmp	.-66     	; 0x1f72 <putch>

00001fb4 <getNch>:
    ::[count] "M" (UART_B_VALUE)
  );
}
#endif

void getNch(uint8_t count) {
    1fb4:	cf 93       	push	r28
    1fb6:	c8 2f       	mov	r28, r24
  do getch(); while (--count);
    1fb8:	e3 df       	rcall	.-58     	; 0x1f80 <getch>
    1fba:	c1 50       	subi	r28, 0x01	; 1
    1fbc:	e9 f7       	brne	.-6      	; 0x1fb8 <getNch+0x4>
  verifySpace();
}
    1fbe:	cf 91       	pop	r28
}
#endif

void getNch(uint8_t count) {
  do getch(); while (--count);
  verifySpace();
    1fc0:	f1 cf       	rjmp	.-30     	; 0x1fa4 <verifySpace>

00001fc2 <appStart>:

void appStart(uint8_t rstFlags) {
  // save the reset flags in the designated register
  //  This can be saved in a main program by putting code in .init0 (which
  //  executes before normal c init code) to save R2 to a global variable.
  __asm__ __volatile__ ("mov r2, %0\n" :: "r" (rstFlags));
    1fc2:	28 2e       	mov	r2, r24

  watchdogConfig(WATCHDOG_OFF);
    1fc4:	80 e0       	ldi	r24, 0x00	; 0
    1fc6:	e8 df       	rcall	.-48     	; 0x1f98 <watchdogConfig>
  // Note that appstart_vec is defined so that this works with either
  // real or virtual boot partitions.
  __asm__ __volatile__ (
    1fc8:	e0 e0       	ldi	r30, 0x00	; 0
    1fca:	ff 27       	eor	r31, r31
    1fcc:	09 94       	ijmp
